===== 2025-11-07 03:47:03 =====
📚 Dung lượng dữ liệu: 4.0K (static/data/books.json)
💾 Dung lượng ổ đĩa hiện tại:
/dev/sda2                                                   439G  234G  183G  57% /etc/hosts
----------------------------------------
===== 2025-11-07 03:48:13 =====
📚 Dung lượng dữ liệu: 4.0K (static/data/books.json)
💾 Dung lượng ổ đĩa hiện tại:
/dev/sda2                                                   439G  234G  183G  57% /etc/hosts
----------------------------------------
===== 2025-11-07 03:49:04 =====
Dung lượng dữ liệu: 4.0K (static/data/books.json)
Dung lượng ổ đĩa hiện tại:
/dev/sda2                                                   439G  234G  183G  57% /etc/hosts
----------------------------------------
===== 2025-11-07 03:49:14 =====
Dung lượng dữ liệu: 4.0K (static/data/books.json)
Dung lượng ổ đĩa hiện tại:
/dev/sda2                                                   439G  234G  183G  57% /etc/hosts
----------------------------------------
===== 2025-11-07 03:49:22 =====
Dung lượng dữ liệu: 4.0K (static/data/books.json)
Dung lượng ổ đĩa hiện tại:
/dev/sda2                                                   439G  234G  183G  57% /etc/hosts
----------------------------------------
===== 2025-11-07 03:49:31 =====
Dung lượng dữ liệu: 4.0K (static/data/books.json)
Dung lượng ổ đĩa hiện tại:
/dev/sda2                                                   439G  234G  183G  57% /etc/hosts
----------------------------------------
===== 2025-11-07 03:49:49 =====
Dung lượng dữ liệu: 4.0K (static/data/books.json)
Dung lượng ổ đĩa hiện tại:
/dev/sda2                                                   439G  234G  183G  57% /etc/hosts
----------------------------------------
===== 2025-11-07 03:50:03 =====
Dung lượng dữ liệu: 4.0K (static/data/books.json)
Dung lượng ổ đĩa hiện tại:
/dev/sda2                                                   439G  234G  183G  57% /etc/hosts
----------------------------------------
